<?xml version="1.0" encoding="UTF-8"?>
<testsuites name="jest tests" tests="8" failures="0" errors="0" time="9.343">
  <testsuite name="classess" errors="0" failures="0" skipped="0" timestamp="2021-04-17T04:00:14" time="5.301" tests="5">
    <testcase classname="classess 接受一个className" name="classess 接受一个className" time="0.006">
    </testcase>
    <testcase classname="classess 接受两个className" name="classess 接受两个className" time="0">
    </testcase>
    <testcase classname="classess 接受undefined结果，不会出现undefined" name="classess 接受undefined结果，不会出现undefined" time="0.001">
    </testcase>
    <testcase classname="classess 接受各种奇怪值" name="classess 接受各种奇怪值" time="0">
    </testcase>
    <testcase classname="classess 接受0个参数" name="classess 接受0个参数" time="0.001">
    </testcase>
  </testsuite>
  <testsuite name="button" errors="0" failures="0" skipped="0" timestamp="2021-04-17T04:00:14" time="5.404" tests="1">
    <testcase classname="button 是个 div" name="button 是个 div" time="0.011">
    </testcase>
  </testsuite>
  <testsuite name="icon" errors="0" failures="0" skipped="0" timestamp="2021-04-17T04:00:13" time="5.636" tests="2">
    <testcase classname="icon render success" name="icon render success" time="0.01">
    </testcase>
    <testcase classname="icon onClick render" name="icon onClick render" time="0.047">
    </testcase>
  </testsuite>
</testsuites>